======================================
Job ID  : 1147337
Host    : cn14
GPU     : NVIDIA RTX A4000
Date    : Sun Apr 12 14:05:02 +03 2026
======================================

[PART_C — Step 1] Evaluating original models on clean + CIFAR-10-C ...

=== Test Results [PART_A/resize] ===
Overall accuracy: 0.7979  (7979/10000)

  Class 0: 0.8270  (827/1000)
  Class 1: 0.8860  (886/1000)
  Class 2: 0.6910  (691/1000)
  Class 3: 0.6270  (627/1000)
  Class 4: 0.7550  (755/1000)
  Class 5: 0.6730  (673/1000)
  Class 6: 0.8960  (896/1000)
  Class 7: 0.8440  (844/1000)
  Class 8: 0.8860  (886/1000)
  Class 9: 0.8940  (894/1000)
Traceback (most recent call last):
  File "/cta/users/mert.coskuner/CS515-HW3-mertcoskuner/main.py", line 475, in <module>
    main()
  File "/cta/users/mert.coskuner/CS515-HW3-mertcoskuner/main.py", line 302, in main
    orig_summary = _evaluate(_load_original_models())
  File "/cta/users/mert.coskuner/CS515-HW3-mertcoskuner/main.py", line 274, in _evaluate
    c10c_res = run_cifar10c_test(
  File "/cta/users/mert.coskuner/.conda/envs/openfgl/lib/python3.10/site-packages/torch/utils/_contextlib.py", line 116, in decorate_context
    return func(*args, **kwargs)
  File "/cta/users/mert.coskuner/CS515-HW3-mertcoskuner/test.py", line 151, in run_cifar10c_test
    labels_all = np.load(os.path.join(cifar10c_dir, "labels.npy"))  # (50000,)
  File "/cta/users/mert.coskuner/.conda/envs/openfgl/lib/python3.10/site-packages/numpy/lib/_npyio_impl.py", line 459, in load
    fid = stack.enter_context(open(os.fspath(file), "rb"))
FileNotFoundError: [Errno 2] No such file or directory: './data/CIFAR-10-C/labels.npy'
Done: Sun Apr 12 14:05:59 +03 2026
