======================================
Job ID  : 1147446
Host    : cn14
GPU     : NVIDIA RTX A4000
Date    : Sun Apr 12 18:06:16 +03 2026
======================================

[PART_C — Step 1] Evaluating original fine-tuned models on clean + CIFAR-10-C ...

=== Test Results [PART_A/resize] ===
Overall accuracy: 0.7979  (7979/10000)

  Class 0: 0.8270  (827/1000)
  Class 1: 0.8860  (886/1000)
  Class 2: 0.6910  (691/1000)
  Class 3: 0.6270  (627/1000)
  Class 4: 0.7550  (755/1000)
  Class 5: 0.6730  (673/1000)
  Class 6: 0.8960  (896/1000)
  Class 7: 0.8440  (844/1000)
  Class 8: 0.8860  (886/1000)
  Class 9: 0.8940  (894/1000)

=== CIFAR-10-C Results [PART_A/resize] ===
  Corruption                 Sev1  Sev2  Sev3  Sev4  Sev5
-------------------------------------------------------------------------------
  gaussian_noise             0.488  0.350  0.256  0.227  0.205
  shot_noise                 0.592  0.486  0.338  0.301  0.252
  impulse_noise              0.542  0.439  0.359  0.243  0.181
  defocus_blur               0.800  0.769  0.701  0.601  0.436
  glass_blur                 0.399  0.404  0.416  0.345  0.356
  motion_blur                0.730  0.624  0.521  0.527  0.442
  zoom_blur                  0.696  0.672  0.616  0.570  0.500
  snow                       0.733  0.636  0.650  0.626  0.580
  frost                      0.727  0.665  0.581  0.555  0.481
  fog                        0.789  0.755  0.704  0.635  0.472
  brightness                 0.795  0.790  0.775  0.763  0.717
  contrast                   0.778  0.701  0.635  0.532  0.279
  elastic_transform          0.717  0.712  0.662  0.584  0.497
  pixelate                   0.720  0.611  0.558  0.409  0.313
  jpeg_compression           0.644  0.594  0.559  0.541  0.507
  speckle_noise              0.602  0.469  0.415  0.340  0.297
  gaussian_blur              0.798  0.698  0.606  0.517  0.369
  spatter                    0.744  0.676  0.615  0.645  0.569
  saturate                   0.719  0.651  0.782  0.728  0.661
-------------------------------------------------------------------------------
  Mean                       0.685  0.616  0.566  0.510  0.427

  Overall mean accuracy: 0.5607

=== Test Results [PART_A/modify] ===
Overall accuracy: 0.9393  (9393/10000)

  Class 0: 0.9620  (962/1000)
  Class 1: 0.9720  (972/1000)
  Class 2: 0.9040  (904/1000)
  Class 3: 0.8800  (880/1000)
  Class 4: 0.9360  (936/1000)
  Class 5: 0.8940  (894/1000)
  Class 6: 0.9690  (969/1000)
  Class 7: 0.9590  (959/1000)
  Class 8: 0.9640  (964/1000)
  Class 9: 0.9530  (953/1000)

=== CIFAR-10-C Results [PART_A/modify] ===
  Corruption                 Sev1  Sev2  Sev3  Sev4  Sev5
-------------------------------------------------------------------------------
  gaussian_noise             0.736  0.458  0.245  0.187  0.153
  shot_noise                 0.832  0.710  0.414  0.315  0.207
  impulse_noise              0.817  0.675  0.521  0.221  0.123
  defocus_blur               0.937  0.923  0.873  0.765  0.531
  glass_blur                 0.517  0.541  0.582  0.430  0.465
  motion_blur                0.892  0.812  0.719  0.725  0.640
  zoom_blur                  0.864  0.830  0.769  0.704  0.595
  snow                       0.876  0.773  0.810  0.780  0.736
  frost                      0.894  0.843  0.741  0.725  0.611
  fog                        0.937  0.925  0.908  0.873  0.739
  brightness                 0.938  0.933  0.927  0.916  0.893
  contrast                   0.932  0.899  0.862  0.776  0.364
  elastic_transform          0.887  0.889  0.845  0.772  0.722
  pixelate                   0.909  0.856  0.808  0.632  0.432
  jpeg_compression           0.845  0.794  0.776  0.745  0.705
  speckle_noise              0.837  0.652  0.557  0.385  0.258
  gaussian_blur              0.937  0.872  0.753  0.598  0.327
  spatter                    0.907  0.851  0.803  0.841  0.755
  saturate                   0.913  0.888  0.932  0.907  0.861
-------------------------------------------------------------------------------
  Mean                       0.864  0.796  0.729  0.647  0.532

  Overall mean accuracy: 0.7136

=====================================================================================
PART_C Step 1 — Original Fine-tuned Models: Clean vs. Corrupted
  Model                        Clean  Sev1  Sev2  Sev3  Sev4  Sev5    Mean-C
-------------------------------------------------------------------------------------
  PART_A/resize               0.7979  0.6849  0.6159  0.5658  0.5099  0.4271    0.5607
  PART_A/modify               0.9393  0.8636  0.7961  0.7287  0.6473  0.5324    0.7136
=====================================================================================

[PART_C — Step 2] Re-training PART_A + ResNet with AugMix ...
[parta_modify/augmix] Using device: cuda

[parta_modify_ls0.1/augmix] Epoch 1/15
  [100/391] loss: 1.8068  acc: 0.5210
  [200/391] loss: 1.6050  acc: 0.6132
  [300/391] loss: 1.4974  acc: 0.6632
  Train loss: 1.4318  acc: 0.6940
  Val   loss: 0.9537  acc: 0.8190
  Saved best model → results/partc/best_model_parta_modify_augmix.pth  (val_acc=0.8190)

[parta_modify_ls0.1/augmix] Epoch 2/15
  [100/391] loss: 1.1617  acc: 0.8191
  [200/391] loss: 1.1497  acc: 0.8237
  [300/391] loss: 1.1394  acc: 0.8271
  Train loss: 1.1282  acc: 0.8308
  Val   loss: 0.8677  acc: 0.8517
  Saved best model → results/partc/best_model_parta_modify_augmix.pth  (val_acc=0.8517)

[parta_modify_ls0.1/augmix] Epoch 3/15
  [100/391] loss: 1.0594  acc: 0.8584
  [200/391] loss: 1.0535  acc: 0.8610
  [300/391] loss: 1.0458  acc: 0.8632
  Train loss: 1.0410  acc: 0.8640
  Val   loss: 0.8663  acc: 0.8574
  Saved best model → results/partc/best_model_parta_modify_augmix.pth  (val_acc=0.8574)

[parta_modify_ls0.1/augmix] Epoch 4/15
  [100/391] loss: 1.0063  acc: 0.8780
  [200/391] loss: 1.0037  acc: 0.8791
  [300/391] loss: 1.0007  acc: 0.8798
  Train loss: 0.9993  acc: 0.8801
  Val   loss: 0.7964  acc: 0.8857
  Saved best model → results/partc/best_model_parta_modify_augmix.pth  (val_acc=0.8857)

[parta_modify_ls0.1/augmix] Epoch 5/15
  [100/391] loss: 0.9791  acc: 0.8897
  [200/391] loss: 0.9816  acc: 0.8866
  [300/391] loss: 0.9773  acc: 0.8886
  Train loss: 0.9757  acc: 0.8890
  Val   loss: 0.7856  acc: 0.8956
  Saved best model → results/partc/best_model_parta_modify_augmix.pth  (val_acc=0.8956)

[parta_modify_ls0.1/augmix] Epoch 6/15
  [100/391] loss: 0.8841  acc: 0.9173
  [200/391] loss: 0.8738  acc: 0.9173
  [300/391] loss: 0.8701  acc: 0.9185
  Train loss: 0.8685  acc: 0.9186
  Val   loss: 0.7278  acc: 0.9132
  Saved best model → results/partc/best_model_parta_modify_augmix.pth  (val_acc=0.9132)

[parta_modify_ls0.1/augmix] Epoch 7/15
  [100/391] loss: 0.8343  acc: 0.9309
  [200/391] loss: 0.8431  acc: 0.9286
  [300/391] loss: 0.8461  acc: 0.9270
  Train loss: 0.8455  acc: 0.9262
  Val   loss: 0.7265  acc: 0.9077

[parta_modify_ls0.1/augmix] Epoch 8/15
  [100/391] loss: 0.8273  acc: 0.9333
  [200/391] loss: 0.8320  acc: 0.9325
  [300/391] loss: 0.8346  acc: 0.9314
  Train loss: 0.8360  acc: 0.9309
  Val   loss: 0.7142  acc: 0.9168
  Saved best model → results/partc/best_model_parta_modify_augmix.pth  (val_acc=0.9168)

[parta_modify_ls0.1/augmix] Epoch 9/15
  [100/391] loss: 0.8223  acc: 0.9363
  [200/391] loss: 0.8262  acc: 0.9368
  [300/391] loss: 0.8256  acc: 0.9357
  Train loss: 0.8253  acc: 0.9349
  Val   loss: 0.7157  acc: 0.9172
  Saved best model → results/partc/best_model_parta_modify_augmix.pth  (val_acc=0.9172)

[parta_modify_ls0.1/augmix] Epoch 10/15
  [100/391] loss: 0.8176  acc: 0.9387
  [200/391] loss: 0.8091  acc: 0.9415
  [300/391] loss: 0.8134  acc: 0.9397
  Train loss: 0.8183  acc: 0.9383
  Val   loss: 0.6970  acc: 0.9251
  Saved best model → results/partc/best_model_parta_modify_augmix.pth  (val_acc=0.9251)

[parta_modify_ls0.1/augmix] Epoch 11/15
  [100/391] loss: 0.7764  acc: 0.9491
  [200/391] loss: 0.7590  acc: 0.9536
  [300/391] loss: 0.7591  acc: 0.9544
  Train loss: 0.7580  acc: 0.9541
  Val   loss: 0.6704  acc: 0.9307
  Saved best model → results/partc/best_model_parta_modify_augmix.pth  (val_acc=0.9307)

[parta_modify_ls0.1/augmix] Epoch 12/15
  [100/391] loss: 0.7322  acc: 0.9612
  [200/391] loss: 0.7428  acc: 0.9582
  [300/391] loss: 0.7412  acc: 0.9579
  Train loss: 0.7415  acc: 0.9583
  Val   loss: 0.6603  acc: 0.9330
  Saved best model → results/partc/best_model_parta_modify_augmix.pth  (val_acc=0.9330)

[parta_modify_ls0.1/augmix] Epoch 13/15
  [100/391] loss: 0.7241  acc: 0.9648
  [200/391] loss: 0.7291  acc: 0.9632
  [300/391] loss: 0.7319  acc: 0.9621
  Train loss: 0.7310  acc: 0.9616
  Val   loss: 0.6634  acc: 0.9340
  Saved best model → results/partc/best_model_parta_modify_augmix.pth  (val_acc=0.9340)

[parta_modify_ls0.1/augmix] Epoch 14/15
  [100/391] loss: 0.7176  acc: 0.9659
  [200/391] loss: 0.7193  acc: 0.9646
  [300/391] loss: 0.7175  acc: 0.9652
  Train loss: 0.7201  acc: 0.9649
  Val   loss: 0.6652  acc: 0.9321

[parta_modify_ls0.1/augmix] Epoch 15/15
  [100/391] loss: 0.7118  acc: 0.9673
  [200/391] loss: 0.7115  acc: 0.9671
  [300/391] loss: 0.7174  acc: 0.9655
  Train loss: 0.7200  acc: 0.9653
  Val   loss: 0.6560  acc: 0.9364
  Saved best model → results/partc/best_model_parta_modify_augmix.pth  (val_acc=0.9364)
[PartA_ls0.1/augmix] Best val accuracy: 0.9364
[ResNet/augmix] Using device: cuda

[ResNet/augmix] Epoch 1/15
  [100/391] loss: 2.0537  acc: 0.2857
  [200/391] loss: 1.8963  acc: 0.3510
  [300/391] loss: 1.7871  acc: 0.4020
  Train loss: 1.7087  acc: 0.4395
  Val   loss: 1.2789  acc: 0.5217
  Saved best model → results/partc/best_model_resnet_augmix.pth  (val_acc=0.5217)

[ResNet/augmix] Epoch 2/15
  [100/391] loss: 1.3532  acc: 0.6028
  [200/391] loss: 1.3173  acc: 0.6166
  [300/391] loss: 1.2822  acc: 0.6288
  Train loss: 1.2595  acc: 0.6376
  Val   loss: 0.9266  acc: 0.6855
  Saved best model → results/partc/best_model_resnet_augmix.pth  (val_acc=0.6855)

[ResNet/augmix] Epoch 3/15
  [100/391] loss: 1.0902  acc: 0.7041
  [200/391] loss: 1.0914  acc: 0.7036
  [300/391] loss: 1.0747  acc: 0.7094
  Train loss: 1.0554  acc: 0.7182
  Val   loss: 0.8006  acc: 0.7219
  Saved best model → results/partc/best_model_resnet_augmix.pth  (val_acc=0.7219)

[ResNet/augmix] Epoch 4/15
  [100/391] loss: 0.9758  acc: 0.7462
  [200/391] loss: 0.9605  acc: 0.7542
  [300/391] loss: 0.9435  acc: 0.7611
  Train loss: 0.9299  acc: 0.7672
  Val   loss: 0.6591  acc: 0.7791
  Saved best model → results/partc/best_model_resnet_augmix.pth  (val_acc=0.7791)

[ResNet/augmix] Epoch 5/15
  [100/391] loss: 0.8665  acc: 0.7945
  [200/391] loss: 0.8536  acc: 0.7992
  [300/391] loss: 0.8457  acc: 0.8012
  Train loss: 0.8389  acc: 0.8034
  Val   loss: 0.5758  acc: 0.8004
  Saved best model → results/partc/best_model_resnet_augmix.pth  (val_acc=0.8004)

[ResNet/augmix] Epoch 6/15
  [100/391] loss: 0.7192  acc: 0.8372
  [200/391] loss: 0.7036  acc: 0.8412
  [300/391] loss: 0.6929  acc: 0.8446
  Train loss: 0.6917  acc: 0.8459
  Val   loss: 0.4610  acc: 0.8469
  Saved best model → results/partc/best_model_resnet_augmix.pth  (val_acc=0.8469)

[ResNet/augmix] Epoch 7/15
  [100/391] loss: 0.6428  acc: 0.8636
  [200/391] loss: 0.6437  acc: 0.8616
  [300/391] loss: 0.6467  acc: 0.8611
  Train loss: 0.6466  acc: 0.8611
  Val   loss: 0.4366  acc: 0.8529
  Saved best model → results/partc/best_model_resnet_augmix.pth  (val_acc=0.8529)

[ResNet/augmix] Epoch 8/15
  [100/391] loss: 0.6093  acc: 0.8745
  [200/391] loss: 0.6196  acc: 0.8717
  [300/391] loss: 0.6220  acc: 0.8727
  Train loss: 0.6226  acc: 0.8726
  Val   loss: 0.4228  acc: 0.8563
  Saved best model → results/partc/best_model_resnet_augmix.pth  (val_acc=0.8563)

[ResNet/augmix] Epoch 9/15
  [100/391] loss: 0.6077  acc: 0.8773
  [200/391] loss: 0.5965  acc: 0.8807
  [300/391] loss: 0.5954  acc: 0.8803
  Train loss: 0.5932  acc: 0.8804
  Val   loss: 0.3970  acc: 0.8656
  Saved best model → results/partc/best_model_resnet_augmix.pth  (val_acc=0.8656)

[ResNet/augmix] Epoch 10/15
  [100/391] loss: 0.5706  acc: 0.8910
  [200/391] loss: 0.5746  acc: 0.8889
  [300/391] loss: 0.5690  acc: 0.8894
  Train loss: 0.5689  acc: 0.8899
  Val   loss: 0.3731  acc: 0.8776
  Saved best model → results/partc/best_model_resnet_augmix.pth  (val_acc=0.8776)

[ResNet/augmix] Epoch 11/15
  [100/391] loss: 0.4951  acc: 0.9080
  [200/391] loss: 0.4854  acc: 0.9105
  [300/391] loss: 0.4871  acc: 0.9090
  Train loss: 0.4851  acc: 0.9097
  Val   loss: 0.3230  acc: 0.8943
  Saved best model → results/partc/best_model_resnet_augmix.pth  (val_acc=0.8943)

[ResNet/augmix] Epoch 12/15
  [100/391] loss: 0.4605  acc: 0.9205
  [200/391] loss: 0.4573  acc: 0.9207
  [300/391] loss: 0.4587  acc: 0.9177
  Train loss: 0.4603  acc: 0.9172
  Val   loss: 0.3090  acc: 0.8974
  Saved best model → results/partc/best_model_resnet_augmix.pth  (val_acc=0.8974)

[ResNet/augmix] Epoch 13/15
  [100/391] loss: 0.4351  acc: 0.9234
  [200/391] loss: 0.4369  acc: 0.9229
  [300/391] loss: 0.4395  acc: 0.9215
  Train loss: 0.4365  acc: 0.9219
  Val   loss: 0.3099  acc: 0.8951

[ResNet/augmix] Epoch 14/15
  [100/391] loss: 0.4302  acc: 0.9260
  [200/391] loss: 0.4284  acc: 0.9256
  [300/391] loss: 0.4259  acc: 0.9263
  Train loss: 0.4263  acc: 0.9266
  Val   loss: 0.2911  acc: 0.9047
  Saved best model → results/partc/best_model_resnet_augmix.pth  (val_acc=0.9047)

[ResNet/augmix] Epoch 15/15
  [100/391] loss: 0.4212  acc: 0.9262
  [200/391] loss: 0.4190  acc: 0.9280
  [300/391] loss: 0.4139  acc: 0.9289
  Train loss: 0.4143  acc: 0.9293
  Val   loss: 0.2730  acc: 0.9092
  Saved best model → results/partc/best_model_resnet_augmix.pth  (val_acc=0.9092)
[ResNet/augmix] Best val accuracy: 0.9092
[ResNet/augmix] Using device: cuda

[ResNet_ls0.1/augmix] Epoch 1/15
  [100/391] loss: 2.1241  acc: 0.2933
  [200/391] loss: 2.0102  acc: 0.3500
  [300/391] loss: 1.9309  acc: 0.3914
  Train loss: 1.8718  acc: 0.4252
  Val   loss: 1.4643  acc: 0.5547
  Saved best model → results/partc/best_model_resnet_ls0.1_augmix.pth  (val_acc=0.5547)

[ResNet_ls0.1/augmix] Epoch 2/15
  [100/391] loss: 1.5820  acc: 0.5894
  [200/391] loss: 1.5480  acc: 0.6089
  [300/391] loss: 1.5155  acc: 0.6247
  Train loss: 1.4881  acc: 0.6385
  Val   loss: 1.2280  acc: 0.6744
  Saved best model → results/partc/best_model_resnet_ls0.1_augmix.pth  (val_acc=0.6744)

[ResNet_ls0.1/augmix] Epoch 3/15
  [100/391] loss: 1.3591  acc: 0.7072
  [200/391] loss: 1.3445  acc: 0.7134
  [300/391] loss: 1.3286  acc: 0.7203
  Train loss: 1.3164  acc: 0.7267
  Val   loss: 1.0866  acc: 0.7542
  Saved best model → results/partc/best_model_resnet_ls0.1_augmix.pth  (val_acc=0.7542)

[ResNet_ls0.1/augmix] Epoch 4/15
  [100/391] loss: 1.2402  acc: 0.7627
  [200/391] loss: 1.2308  acc: 0.7682
  [300/391] loss: 1.2206  acc: 0.7716
  Train loss: 1.2102  acc: 0.7762
  Val   loss: 0.9927  acc: 0.7970
  Saved best model → results/partc/best_model_resnet_ls0.1_augmix.pth  (val_acc=0.7970)

[ResNet_ls0.1/augmix] Epoch 5/15
  [100/391] loss: 1.1504  acc: 0.8022
  [200/391] loss: 1.1453  acc: 0.8047
  [300/391] loss: 1.1458  acc: 0.8054
  Train loss: 1.1398  acc: 0.8078
  Val   loss: 0.9346  acc: 0.8201
  Saved best model → results/partc/best_model_resnet_ls0.1_augmix.pth  (val_acc=0.8201)

[ResNet_ls0.1/augmix] Epoch 6/15
  [100/391] loss: 1.0413  acc: 0.8459
  [200/391] loss: 1.0335  acc: 0.8489
  [300/391] loss: 1.0283  acc: 0.8505
  Train loss: 1.0258  acc: 0.8518
  Val   loss: 0.8780  acc: 0.8418
  Saved best model → results/partc/best_model_resnet_ls0.1_augmix.pth  (val_acc=0.8418)

[ResNet_ls0.1/augmix] Epoch 7/15
  [100/391] loss: 0.9903  acc: 0.8673
  [200/391] loss: 0.9929  acc: 0.8676
  [300/391] loss: 0.9929  acc: 0.8678
  Train loss: 0.9940  acc: 0.8677
  Val   loss: 0.8479  acc: 0.8625
  Saved best model → results/partc/best_model_resnet_ls0.1_augmix.pth  (val_acc=0.8625)

[ResNet_ls0.1/augmix] Epoch 8/15
  [100/391] loss: 0.9744  acc: 0.8725
  [200/391] loss: 0.9759  acc: 0.8733
  [300/391] loss: 0.9730  acc: 0.8745
  Train loss: 0.9730  acc: 0.8740
  Val   loss: 0.8253  acc: 0.8710
  Saved best model → results/partc/best_model_resnet_ls0.1_augmix.pth  (val_acc=0.8710)

[ResNet_ls0.1/augmix] Epoch 9/15
  [100/391] loss: 0.9460  acc: 0.8847
  [200/391] loss: 0.9516  acc: 0.8827
  [300/391] loss: 0.9518  acc: 0.8810
  Train loss: 0.9514  acc: 0.8812
  Val   loss: 0.8157  acc: 0.8708

[ResNet_ls0.1/augmix] Epoch 10/15
  [100/391] loss: 0.9425  acc: 0.8905
  [200/391] loss: 0.9386  acc: 0.8902
  [300/391] loss: 0.9367  acc: 0.8904
  Train loss: 0.9338  acc: 0.8909
  Val   loss: 0.7971  acc: 0.8845
  Saved best model → results/partc/best_model_resnet_ls0.1_augmix.pth  (val_acc=0.8845)

[ResNet_ls0.1/augmix] Epoch 11/15
  [100/391] loss: 0.8740  acc: 0.9106
  [200/391] loss: 0.8716  acc: 0.9110
  [300/391] loss: 0.8682  acc: 0.9110
  Train loss: 0.8650  acc: 0.9124
  Val   loss: 0.7460  acc: 0.8998
  Saved best model → results/partc/best_model_resnet_ls0.1_augmix.pth  (val_acc=0.8998)

[ResNet_ls0.1/augmix] Epoch 12/15
  [100/391] loss: 0.8511  acc: 0.9179
  [200/391] loss: 0.8406  acc: 0.9227
  [300/391] loss: 0.8454  acc: 0.9217
  Train loss: 0.8447  acc: 0.9215
  Val   loss: 0.7363  acc: 0.9036
  Saved best model → results/partc/best_model_resnet_ls0.1_augmix.pth  (val_acc=0.9036)

[ResNet_ls0.1/augmix] Epoch 13/15
  [100/391] loss: 0.8311  acc: 0.9248
  [200/391] loss: 0.8346  acc: 0.9242
  [300/391] loss: 0.8339  acc: 0.9240
  Train loss: 0.8343  acc: 0.9234
  Val   loss: 0.7413  acc: 0.8989

[ResNet_ls0.1/augmix] Epoch 14/15
  [100/391] loss: 0.8133  acc: 0.9302
  [200/391] loss: 0.8194  acc: 0.9300
  [300/391] loss: 0.8219  acc: 0.9287
  Train loss: 0.8202  acc: 0.9292
  Val   loss: 0.7275  acc: 0.9071
  Saved best model → results/partc/best_model_resnet_ls0.1_augmix.pth  (val_acc=0.9071)

[ResNet_ls0.1/augmix] Epoch 15/15
  [100/391] loss: 0.8086  acc: 0.9363
  [200/391] loss: 0.8113  acc: 0.9353
  [300/391] loss: 0.8157  acc: 0.9334
  Train loss: 0.8170  acc: 0.9325
  Val   loss: 0.7213  acc: 0.9134
  Saved best model → results/partc/best_model_resnet_ls0.1_augmix.pth  (val_acc=0.9134)
[ResNet_ls0.1/augmix] Best val accuracy: 0.9134

[PART_C — Step 2] Evaluating AugMix fine-tuned models on clean + CIFAR-10-C ...

=== Test Results [PART_A/modify_AugMix] ===
Overall accuracy: 0.9364  (9364/10000)

  Class 0: 0.9460  (946/1000)
  Class 1: 0.9710  (971/1000)
  Class 2: 0.8960  (896/1000)
  Class 3: 0.8290  (829/1000)
  Class 4: 0.9530  (953/1000)
  Class 5: 0.9250  (925/1000)
  Class 6: 0.9610  (961/1000)
  Class 7: 0.9590  (959/1000)
  Class 8: 0.9690  (969/1000)
  Class 9: 0.9550  (955/1000)

=== CIFAR-10-C Results [PART_A/modify_AugMix] ===
  Corruption                 Sev1  Sev2  Sev3  Sev4  Sev5
-------------------------------------------------------------------------------
  gaussian_noise             0.889  0.822  0.731  0.680  0.629
  shot_noise                 0.911  0.890  0.813  0.774  0.696
  impulse_noise              0.914  0.888  0.850  0.745  0.592
  defocus_blur               0.936  0.931  0.924  0.906  0.860
  glass_blur                 0.702  0.710  0.738  0.590  0.620
  motion_blur                0.924  0.904  0.866  0.864  0.822
  zoom_blur                  0.915  0.916  0.901  0.888  0.850
  snow                       0.910  0.858  0.858  0.833  0.810
  frost                      0.916  0.892  0.845  0.841  0.790
  fog                        0.935  0.926  0.915  0.889  0.747
  brightness                 0.935  0.934  0.928  0.924  0.907
  contrast                   0.932  0.915  0.893  0.833  0.454
  elastic_transform          0.909  0.911  0.902  0.839  0.756
  pixelate                   0.923  0.900  0.882  0.778  0.624
  jpeg_compression           0.883  0.846  0.832  0.813  0.783
  speckle_noise              0.912  0.882  0.851  0.802  0.728
  gaussian_blur              0.936  0.924  0.909  0.890  0.817
  spatter                    0.925  0.902  0.864  0.899  0.868
  saturate                   0.916  0.888  0.931  0.916  0.895
-------------------------------------------------------------------------------
  Mean                       0.907  0.886  0.865  0.826  0.750

  Overall mean accuracy: 0.8468

=====================================================================================
PART_C Step 2 — AugMix Fine-tuned Models: Clean vs. Corrupted
  Model                        Clean  Sev1  Sev2  Sev3  Sev4  Sev5    Mean-C
-------------------------------------------------------------------------------------
  PART_A/modify_AugMix        0.9364  0.9065  0.8862  0.8649  0.8265  0.7499    0.8468
=====================================================================================

[PART_C — Step 3] Adversarial robustness evaluation (PGD-20) ...

=== PGD-20 Adversarial Robustness [PART_A/modify] ===
  Clean accuracy :      0.9393  (9393/10000)
  L∞  (ε=0.0157) : 0.0003  (3/10000)
  L2  (ε=0.2500)   : 0.0507  (507/10000)
  [GradCAM] Saved → plots/partc/gradcam_PART_A_modify_linf.png
  [GradCAM] Saved → plots/partc/gradcam_PART_A_modify_l2.png
  [t-SNE] Extracting features for 128 clean + 128 adversarial samples ...
  [t-SNE] Running TSNE ...
  [t-SNE] Saved → plots/partc/tsne_PART_A_modify_linf.png

=== PGD-20 Adversarial Robustness [PART_A/modify_AugMix] ===
  Clean accuracy :      0.9364  (9364/10000)
  L∞  (ε=0.0157) : 0.0113  (113/10000)
  L2  (ε=0.2500)   : 0.2070  (2070/10000)
  [GradCAM] Saved → plots/partc/gradcam_PART_A_modify_AugMix_linf.png
  [GradCAM] Saved → plots/partc/gradcam_PART_A_modify_AugMix_l2.png
  [t-SNE] Extracting features for 128 clean + 128 adversarial samples ...
  [t-SNE] Running TSNE ...
  [t-SNE] Saved → plots/partc/tsne_PART_A_modify_AugMix_linf.png

===========================================================================
PART_C Step 3 — Adversarial Robustness (PGD-20)
  Model                        Clean    L∞ acc    L2 acc
---------------------------------------------------------------------------
  PART_A/modify               0.9393    0.0003    0.0507
  PART_A/modify_AugMix        0.9364    0.0113    0.2070
===========================================================================

[PART_C — Step 4] Training KD students with AugMix teacher ...
[SimpleCNN/kd] Using device: cuda

[SimpleCNN/kd] Epoch 1/15
  [100/391] loss: 2.1948  acc: 0.1677
  [200/391] loss: 1.8221  acc: 0.2325
  [300/391] loss: 1.6464  acc: 0.2884
  Train loss: 1.5515  acc: 0.3195
  Val   loss: 1.5568  acc: 0.4574
  Saved best model → results/partc/best_model_simplecnn_augmix_kd.pth  (val_acc=0.4574)

[SimpleCNN/kd] Epoch 2/15
  [100/391] loss: 1.1902  acc: 0.4511
  [200/391] loss: 1.1688  acc: 0.4616
  [300/391] loss: 1.1456  acc: 0.4738
  Train loss: 1.1271  acc: 0.4840
  Val   loss: 1.3639  acc: 0.5370
  Saved best model → results/partc/best_model_simplecnn_augmix_kd.pth  (val_acc=0.5370)

[SimpleCNN/kd] Epoch 3/15
  [100/391] loss: 1.0418  acc: 0.5266
  [200/391] loss: 1.0245  acc: 0.5354
  [300/391] loss: 1.0176  acc: 0.5407
  Train loss: 1.0044  acc: 0.5469
  Val   loss: 1.2308  acc: 0.5984
  Saved best model → results/partc/best_model_simplecnn_augmix_kd.pth  (val_acc=0.5984)

[SimpleCNN/kd] Epoch 4/15
  [100/391] loss: 0.9498  acc: 0.5738
  [200/391] loss: 0.9388  acc: 0.5775
  [300/391] loss: 0.9309  acc: 0.5823
  Train loss: 0.9238  acc: 0.5859
  Val   loss: 1.1760  acc: 0.6188
  Saved best model → results/partc/best_model_simplecnn_augmix_kd.pth  (val_acc=0.6188)

[SimpleCNN/kd] Epoch 5/15
  [100/391] loss: 0.8870  acc: 0.6070
  [200/391] loss: 0.8800  acc: 0.6086
  [300/391] loss: 0.8731  acc: 0.6113
  Train loss: 0.8707  acc: 0.6112
  Val   loss: 1.1062  acc: 0.6495
  Saved best model → results/partc/best_model_simplecnn_augmix_kd.pth  (val_acc=0.6495)

[SimpleCNN/kd] Epoch 6/15
  [100/391] loss: 0.8275  acc: 0.6331
  [200/391] loss: 0.8215  acc: 0.6385
  [300/391] loss: 0.8175  acc: 0.6408
  Train loss: 0.8145  acc: 0.6421
  Val   loss: 1.0940  acc: 0.6593
  Saved best model → results/partc/best_model_simplecnn_augmix_kd.pth  (val_acc=0.6593)

[SimpleCNN/kd] Epoch 7/15
  [100/391] loss: 0.7939  acc: 0.6519
  [200/391] loss: 0.7917  acc: 0.6516
  [300/391] loss: 0.7928  acc: 0.6512
  Train loss: 0.7931  acc: 0.6506
  Val   loss: 1.0383  acc: 0.6804
  Saved best model → results/partc/best_model_simplecnn_augmix_kd.pth  (val_acc=0.6804)

[SimpleCNN/kd] Epoch 8/15
  [100/391] loss: 0.7802  acc: 0.6566
  [200/391] loss: 0.7845  acc: 0.6531
  [300/391] loss: 0.7805  acc: 0.6569
  Train loss: 0.7765  acc: 0.6591
  Val   loss: 1.0292  acc: 0.6771

[SimpleCNN/kd] Epoch 9/15
  [100/391] loss: 0.7538  acc: 0.6720
  [200/391] loss: 0.7613  acc: 0.6655
  [300/391] loss: 0.7599  acc: 0.6653
  Train loss: 0.7566  acc: 0.6686
  Val   loss: 1.0020  acc: 0.6902
  Saved best model → results/partc/best_model_simplecnn_augmix_kd.pth  (val_acc=0.6902)

[SimpleCNN/kd] Epoch 10/15
  [100/391] loss: 0.7590  acc: 0.6615
  [200/391] loss: 0.7503  acc: 0.6702
  [300/391] loss: 0.7456  acc: 0.6748
  Train loss: 0.7466  acc: 0.6742
  Val   loss: 0.9892  acc: 0.6938
  Saved best model → results/partc/best_model_simplecnn_augmix_kd.pth  (val_acc=0.6938)

[SimpleCNN/kd] Epoch 11/15
  [100/391] loss: 0.7283  acc: 0.6831
  [200/391] loss: 0.7245  acc: 0.6843
  [300/391] loss: 0.7201  acc: 0.6864
  Train loss: 0.7207  acc: 0.6866
  Val   loss: 0.9448  acc: 0.7128
  Saved best model → results/partc/best_model_simplecnn_augmix_kd.pth  (val_acc=0.7128)

[SimpleCNN/kd] Epoch 12/15
  [100/391] loss: 0.7145  acc: 0.6903
  [200/391] loss: 0.7150  acc: 0.6895
  [300/391] loss: 0.7146  acc: 0.6894
  Train loss: 0.7142  acc: 0.6886
  Val   loss: 0.9452  acc: 0.7086

[SimpleCNN/kd] Epoch 13/15
  [100/391] loss: 0.7022  acc: 0.6973
  [200/391] loss: 0.7072  acc: 0.6911
  [300/391] loss: 0.7086  acc: 0.6910
  Train loss: 0.7077  acc: 0.6913
  Val   loss: 0.9454  acc: 0.7120

[SimpleCNN/kd] Epoch 14/15
  [100/391] loss: 0.7087  acc: 0.6916
  [200/391] loss: 0.7009  acc: 0.6955
  [300/391] loss: 0.7017  acc: 0.6944
  Train loss: 0.7009  acc: 0.6942
  Val   loss: 0.9203  acc: 0.7233
  Saved best model → results/partc/best_model_simplecnn_augmix_kd.pth  (val_acc=0.7233)

[SimpleCNN/kd] Epoch 15/15
  [100/391] loss: 0.6942  acc: 0.6980
  [200/391] loss: 0.6992  acc: 0.6965
  [300/391] loss: 0.6983  acc: 0.6977
  Train loss: 0.6954  acc: 0.6985
  Val   loss: 0.9257  acc: 0.7167
[SimpleCNN/kd] Best val accuracy: 0.7233
[MobileNet/modified_kd] Using device: cuda

[MobileNet/modified_kd] Epoch 1/15
  [100/391] loss: 2.0407  acc: 0.3050
  [200/391] loss: 1.9441  acc: 0.3702
  [300/391] loss: 1.8771  acc: 0.4142
  Train loss: 1.8249  acc: 0.4461
  Val   loss: 1.2805  acc: 0.5783
  Saved best model → results/partc/best_model_mobilenet_augmix_modified_kd.pth  (val_acc=0.5783)

[MobileNet/modified_kd] Epoch 2/15
  [100/391] loss: 1.5837  acc: 0.5890
  [200/391] loss: 1.5571  acc: 0.6066
  [300/391] loss: 1.5344  acc: 0.6211
  Train loss: 1.5131  acc: 0.6331
  Val   loss: 1.0423  acc: 0.6670
  Saved best model → results/partc/best_model_mobilenet_augmix_modified_kd.pth  (val_acc=0.6670)

[MobileNet/modified_kd] Epoch 3/15
  [100/391] loss: 1.4008  acc: 0.6949
  [200/391] loss: 1.3854  acc: 0.7036
  [300/391] loss: 1.3782  acc: 0.7085
  Train loss: 1.3689  acc: 0.7140
  Val   loss: 0.9283  acc: 0.7245
  Saved best model → results/partc/best_model_mobilenet_augmix_modified_kd.pth  (val_acc=0.7245)

[MobileNet/modified_kd] Epoch 4/15
  [100/391] loss: 1.3129  acc: 0.7504
  [200/391] loss: 1.2984  acc: 0.7569
  [300/391] loss: 1.2950  acc: 0.7581
  Train loss: 1.2905  acc: 0.7603
  Val   loss: 0.8485  acc: 0.7607
  Saved best model → results/partc/best_model_mobilenet_augmix_modified_kd.pth  (val_acc=0.7607)

[MobileNet/modified_kd] Epoch 5/15
  [100/391] loss: 1.2640  acc: 0.7795
  [200/391] loss: 1.2591  acc: 0.7793
  [300/391] loss: 1.2506  acc: 0.7826
  Train loss: 1.2483  acc: 0.7834
  Val   loss: 0.7551  acc: 0.7990
  Saved best model → results/partc/best_model_mobilenet_augmix_modified_kd.pth  (val_acc=0.7990)

[MobileNet/modified_kd] Epoch 6/15
  [100/391] loss: 1.1903  acc: 0.8189
  [200/391] loss: 1.1805  acc: 0.8237
  [300/391] loss: 1.1714  acc: 0.8279
  Train loss: 1.1714  acc: 0.8287
  Val   loss: 0.6498  acc: 0.8328
  Saved best model → results/partc/best_model_mobilenet_augmix_modified_kd.pth  (val_acc=0.8328)

[MobileNet/modified_kd] Epoch 7/15
  [100/391] loss: 1.1548  acc: 0.8387
  [200/391] loss: 1.1552  acc: 0.8395
  [300/391] loss: 1.1527  acc: 0.8410
  Train loss: 1.1507  acc: 0.8416
  Val   loss: 0.6141  acc: 0.8394
  Saved best model → results/partc/best_model_mobilenet_augmix_modified_kd.pth  (val_acc=0.8394)

[MobileNet/modified_kd] Epoch 8/15
  [100/391] loss: 1.1324  acc: 0.8542
  [200/391] loss: 1.1401  acc: 0.8507
  [300/391] loss: 1.1360  acc: 0.8522
  Train loss: 1.1386  acc: 0.8507
  Val   loss: 0.6315  acc: 0.8393

[MobileNet/modified_kd] Epoch 9/15
  [100/391] loss: 1.1275  acc: 0.8556
  [200/391] loss: 1.1289  acc: 0.8559
  [300/391] loss: 1.1281  acc: 0.8562
  Train loss: 1.1290  acc: 0.8559
  Val   loss: 0.5933  acc: 0.8506
  Saved best model → results/partc/best_model_mobilenet_augmix_modified_kd.pth  (val_acc=0.8506)

[MobileNet/modified_kd] Epoch 10/15
  [100/391] loss: 1.1138  acc: 0.8664
  [200/391] loss: 1.1174  acc: 0.8620
  [300/391] loss: 1.1172  acc: 0.8627
  Train loss: 1.1178  acc: 0.8624
  Val   loss: 0.6044  acc: 0.8524
  Saved best model → results/partc/best_model_mobilenet_augmix_modified_kd.pth  (val_acc=0.8524)

[MobileNet/modified_kd] Epoch 11/15
  [100/391] loss: 1.0869  acc: 0.8834
  [200/391] loss: 1.0864  acc: 0.8813
  [300/391] loss: 1.0873  acc: 0.8823
  Train loss: 1.0850  acc: 0.8839
  Val   loss: 0.5541  acc: 0.8732
  Saved best model → results/partc/best_model_mobilenet_augmix_modified_kd.pth  (val_acc=0.8732)

[MobileNet/modified_kd] Epoch 12/15
  [100/391] loss: 1.0710  acc: 0.8926
  [200/391] loss: 1.0718  acc: 0.8909
  [300/391] loss: 1.0716  acc: 0.8911
  Train loss: 1.0738  acc: 0.8906
  Val   loss: 0.5408  acc: 0.8724

[MobileNet/modified_kd] Epoch 13/15
  [100/391] loss: 1.0742  acc: 0.8942
  [200/391] loss: 1.0699  acc: 0.8966
  [300/391] loss: 1.0707  acc: 0.8959
  Train loss: 1.0694  acc: 0.8967
  Val   loss: 0.5370  acc: 0.8788
  Saved best model → results/partc/best_model_mobilenet_augmix_modified_kd.pth  (val_acc=0.8788)

[MobileNet/modified_kd] Epoch 14/15
  [100/391] loss: 1.0811  acc: 0.8902
  [200/391] loss: 1.0669  acc: 0.8975
  [300/391] loss: 1.0653  acc: 0.8989
  Train loss: 1.0637  acc: 0.8999
  Val   loss: 0.5419  acc: 0.8771

[MobileNet/modified_kd] Epoch 15/15
  [100/391] loss: 1.0575  acc: 0.9045
  [200/391] loss: 1.0592  acc: 0.9039
  [300/391] loss: 1.0613  acc: 0.9026
  Train loss: 1.0622  acc: 0.9013
  Val   loss: 0.5561  acc: 0.8748
[MobileNet/modified_kd] Best val accuracy: 0.8788

=== Test Results [SimpleCNN_KD] ===
Overall accuracy: 0.7225  (7225/10000)

  Class 0: 0.7570  (757/1000)
  Class 1: 0.8690  (869/1000)
  Class 2: 0.6070  (607/1000)
  Class 3: 0.4820  (482/1000)
  Class 4: 0.6460  (646/1000)
  Class 5: 0.6670  (667/1000)
  Class 6: 0.8330  (833/1000)
  Class 7: 0.7950  (795/1000)
  Class 8: 0.7970  (797/1000)
  Class 9: 0.7720  (772/1000)

=== CIFAR-10-C Results [SimpleCNN_KD] ===
  Corruption                 Sev1  Sev2  Sev3  Sev4  Sev5
-------------------------------------------------------------------------------
  gaussian_noise             0.613  0.482  0.380  0.341  0.313
  shot_noise                 0.661  0.591  0.443  0.395  0.331
  impulse_noise              0.623  0.522  0.445  0.322  0.255
  defocus_blur               0.715  0.681  0.622  0.566  0.485
  glass_blur                 0.462  0.480  0.550  0.367  0.433
  motion_blur                0.668  0.611  0.563  0.560  0.515
  zoom_blur                  0.624  0.595  0.568  0.543  0.505
  snow                       0.671  0.570  0.603  0.584  0.545
  frost                      0.677  0.612  0.522  0.519  0.438
  fog                        0.708  0.648  0.578  0.501  0.370
  brightness                 0.717  0.708  0.692  0.668  0.608
  contrast                   0.682  0.508  0.390  0.273  0.157
  elastic_transform          0.653  0.646  0.616  0.604  0.621
  pixelate                   0.719  0.707  0.705  0.667  0.638
  jpeg_compression           0.703  0.694  0.691  0.685  0.673
  speckle_noise              0.660  0.547  0.495  0.402  0.341
  gaussian_blur              0.715  0.621  0.568  0.525  0.452
  spatter                    0.700  0.644  0.616  0.640  0.563
  saturate                   0.689  0.665  0.708  0.660  0.604
-------------------------------------------------------------------------------
  Mean                       0.666  0.607  0.566  0.517  0.466

  Overall mean accuracy: 0.5644

=== Test Results [MobileNet_KD] ===
Overall accuracy: 0.8967  (8967/10000)

  Class 0: 0.9170  (917/1000)
  Class 1: 0.9580  (958/1000)
  Class 2: 0.8600  (860/1000)
  Class 3: 0.7940  (794/1000)
  Class 4: 0.8950  (895/1000)
  Class 5: 0.8210  (821/1000)
  Class 6: 0.9300  (930/1000)
  Class 7: 0.9070  (907/1000)
  Class 8: 0.9420  (942/1000)
  Class 9: 0.9430  (943/1000)

=== CIFAR-10-C Results [MobileNet_KD] ===
  Corruption                 Sev1  Sev2  Sev3  Sev4  Sev5
-------------------------------------------------------------------------------
  gaussian_noise             0.751  0.563  0.370  0.294  0.243
  shot_noise                 0.822  0.739  0.517  0.426  0.301
  impulse_noise              0.804  0.710  0.578  0.336  0.196
  defocus_blur               0.894  0.873  0.814  0.716  0.542
  glass_blur                 0.464  0.487  0.539  0.366  0.416
  motion_blur                0.830  0.743  0.663  0.662  0.596
  zoom_blur                  0.799  0.775  0.718  0.665  0.576
  snow                       0.826  0.693  0.739  0.702  0.660
  frost                      0.852  0.790  0.690  0.667  0.564
  fog                        0.891  0.871  0.838  0.780  0.608
  brightness                 0.894  0.889  0.880  0.869  0.840
  contrast                   0.885  0.814  0.732  0.589  0.295
  elastic_transform          0.839  0.836  0.790  0.738  0.695
  pixelate                   0.872  0.823  0.783  0.636  0.494
  jpeg_compression           0.841  0.804  0.791  0.775  0.756
  speckle_noise              0.822  0.697  0.626  0.481  0.351
  gaussian_blur              0.894  0.812  0.708  0.591  0.391
  spatter                    0.868  0.814  0.764  0.805  0.740
  saturate                   0.870  0.853  0.884  0.848  0.792
-------------------------------------------------------------------------------
  Mean                       0.827  0.768  0.707  0.629  0.529

  Overall mean accuracy: 0.6919

=== Test Results [SimpleCNN_AugMix_KD] ===
Overall accuracy: 0.7233  (7233/10000)

  Class 0: 0.8140  (814/1000)
  Class 1: 0.8280  (828/1000)
  Class 2: 0.6170  (617/1000)
  Class 3: 0.5340  (534/1000)
  Class 4: 0.6190  (619/1000)
  Class 5: 0.6230  (623/1000)
  Class 6: 0.8470  (847/1000)
  Class 7: 0.7560  (756/1000)
  Class 8: 0.7940  (794/1000)
  Class 9: 0.8010  (801/1000)

=== CIFAR-10-C Results [SimpleCNN_AugMix_KD] ===
  Corruption                 Sev1  Sev2  Sev3  Sev4  Sev5
-------------------------------------------------------------------------------
  gaussian_noise             0.603  0.486  0.392  0.359  0.329
  shot_noise                 0.656  0.588  0.459  0.411  0.355
  impulse_noise              0.615  0.517  0.446  0.336  0.276
  defocus_blur               0.715  0.681  0.625  0.566  0.479
  glass_blur                 0.520  0.532  0.585  0.433  0.491
  motion_blur                0.652  0.597  0.548  0.550  0.499
  zoom_blur                  0.630  0.602  0.567  0.538  0.497
  snow                       0.679  0.595  0.613  0.594  0.551
  frost                      0.674  0.606  0.521  0.524  0.460
  fog                        0.708  0.654  0.585  0.513  0.374
  brightness                 0.718  0.704  0.686  0.665  0.600
  contrast                   0.686  0.529  0.410  0.285  0.178
  elastic_transform          0.649  0.646  0.619  0.599  0.607
  pixelate                   0.715  0.691  0.683  0.608  0.572
  jpeg_compression           0.703  0.696  0.694  0.684  0.674
  speckle_noise              0.659  0.559  0.508  0.426  0.362
  gaussian_blur              0.716  0.624  0.567  0.517  0.445
  spatter                    0.704  0.666  0.636  0.640  0.576
  saturate                   0.680  0.640  0.706  0.658  0.597
-------------------------------------------------------------------------------
  Mean                       0.668  0.611  0.571  0.521  0.470

  Overall mean accuracy: 0.5681

=== Test Results [MobileNet_AugMix_KD] ===
Overall accuracy: 0.8788  (8788/10000)

  Class 0: 0.9210  (921/1000)
  Class 1: 0.9720  (972/1000)
  Class 2: 0.8150  (815/1000)
  Class 3: 0.7950  (795/1000)
  Class 4: 0.8820  (882/1000)
  Class 5: 0.7780  (778/1000)
  Class 6: 0.9070  (907/1000)
  Class 7: 0.8960  (896/1000)
  Class 8: 0.9200  (920/1000)
  Class 9: 0.9020  (902/1000)

=== CIFAR-10-C Results [MobileNet_AugMix_KD] ===
  Corruption                 Sev1  Sev2  Sev3  Sev4  Sev5
-------------------------------------------------------------------------------
  gaussian_noise             0.743  0.570  0.399  0.327  0.270
  shot_noise                 0.805  0.713  0.508  0.425  0.311
  impulse_noise              0.787  0.696  0.584  0.348  0.204
  defocus_blur               0.879  0.860  0.810  0.740  0.598
  glass_blur                 0.459  0.484  0.554  0.360  0.416
  motion_blur                0.821  0.748  0.671  0.676  0.608
  zoom_blur                  0.800  0.774  0.731  0.688  0.616
  snow                       0.810  0.691  0.728  0.704  0.661
  frost                      0.839  0.781  0.687  0.674  0.570
  fog                        0.873  0.851  0.818  0.765  0.606
  brightness                 0.878  0.873  0.866  0.859  0.835
  contrast                   0.866  0.786  0.706  0.563  0.239
  elastic_transform          0.818  0.818  0.787  0.741  0.710
  pixelate                   0.858  0.825  0.794  0.664  0.497
  jpeg_compression           0.831  0.798  0.787  0.771  0.752
  speckle_noise              0.802  0.670  0.597  0.458  0.346
  gaussian_blur              0.879  0.809  0.739  0.656  0.488
  spatter                    0.846  0.785  0.740  0.788  0.713
  saturate                   0.847  0.827  0.873  0.838  0.785
-------------------------------------------------------------------------------
  Mean                       0.813  0.756  0.704  0.634  0.538

  Overall mean accuracy: 0.6889

=====================================================================================
PART_C Step 4 — KD: Original Teacher vs. AugMix Teacher
  Model                        Clean  Sev1  Sev2  Sev3  Sev4  Sev5    Mean-C
-------------------------------------------------------------------------------------
  SimpleCNN_KD                0.7225  0.6662  0.6070  0.5660  0.5169  0.4657    0.5644
  MobileNet_KD                0.8967  0.8273  0.7676  0.7066  0.6287  0.5293    0.6919
  SimpleCNN_AugMix_KD         0.7233  0.6675  0.6111  0.5710  0.5213  0.4696    0.5681
  MobileNet_AugMix_KD         0.8788  0.8126  0.7557  0.7042  0.6339  0.5382    0.6889
=====================================================================================

[PART_C — Step 5] Adversarial transferability: teacher → student ...

=== Transferability: ResNet_ls → SimpleCNN_KD (PGD-20 L∞ ε=0.0157) ===
  ResNet_ls                       clean: 0.9272  adv: 0.1407
  SimpleCNN_KD                    clean: 0.7225  adv: 0.6989

=== Transferability: ResNet_ls → MobileNet_KD (PGD-20 L∞ ε=0.0157) ===
  ResNet_ls                       clean: 0.9272  adv: 0.1399
  MobileNet_KD                    clean: 0.8967  adv: 0.7960

=== Transferability: ResNet_ls_AugMix → SimpleCNN_AugMix_KD (PGD-20 L∞ ε=0.0157) ===
  ResNet_ls_AugMix                clean: 0.9134  adv: 0.0101
  SimpleCNN_AugMix_KD             clean: 0.7233  adv: 0.6242

=== Transferability: ResNet_ls_AugMix → MobileNet_AugMix_KD (PGD-20 L∞ ε=0.0157) ===
  ResNet_ls_AugMix                clean: 0.9134  adv: 0.0102
  MobileNet_AugMix_KD             clean: 0.8788  adv: 0.3803

==========================================================================================
PART_C Step 5 — Adversarial Transferability (PGD-20 L∞ ε=4/255)
  Attack pair                                 Src clean   Src adv   Tgt clean   Tgt adv
------------------------------------------------------------------------------------------
  ResNet_ls → SimpleCNN_KD                       0.9272    0.1407      0.7225    0.6989
  ResNet_ls → MobileNet_KD                       0.9272    0.1399      0.8967    0.7960
  ResNet_ls_AugMix → SimpleCNN_AugMix_KD         0.9134    0.0101      0.7233    0.6242
  ResNet_ls_AugMix → MobileNet_AugMix_KD         0.9134    0.0102      0.8788    0.3803
==========================================================================================
Done: Sun Apr 12 20:20:02 +03 2026
